Arguments: 
  /usr/local/bin/node /usr/share/yarn/bin/yarn.js add @psychedelic/plug-connect

PATH: 
  /home/capuzr/.local/bin:/home/capuzr/bin:/home/capuzr/.cargo/bin:/home/capuzr/.local/bin:/home/capuzr/bin:/usr/local/sbin:/usr/local/bin:/usr/sbin:/usr/bin:/sbin:/bin:/usr/games:/usr/local/games:/snap/bin:/home/capuzr/bin:/home/capuzr/bin

Yarn version: 
  1.22.5

Node version: 
  14.15.4

Platform: 
  linux x64

Trace: 
  Error: https://registry.npmjs.org/@psychedelic%2fplug-connect: Not found
      at Request.params.callback [as _callback] (/usr/share/yarn/lib/cli.js:66988:18)
      at Request.self.callback (/usr/share/yarn/lib/cli.js:140749:22)
      at Request.emit (events.js:315:20)
      at Request.<anonymous> (/usr/share/yarn/lib/cli.js:141721:10)
      at Request.emit (events.js:315:20)
      at IncomingMessage.<anonymous> (/usr/share/yarn/lib/cli.js:141643:12)
      at Object.onceWrapper (events.js:421:28)
      at IncomingMessage.emit (events.js:327:22)
      at endReadableNT (internal/streams/readable.js:1327:12)
      at processTicksAndRejections (internal/process/task_queues.js:80:21)

npm manifest: 
  {
    "name": "a3capasUniverso_assets",
    "version": "0.1.0",
    "description": "Internet Computer starter application",
    "keywords": [
      "Internet Computer",
      "Motoko",
      "JavaScript",
      "Canister"
    ],
    "scripts": {
      "build": "webpack",
      "prebuild": "npm run copy:types",
      "start": "webpack serve --mode development --env development",
      "prestart": "npm run copy:types",
      "copy:types": "rsync -avr .dfx/$(echo ${DFX_NETWORK:-'**'})/canisters/** --exclude='assets/' --exclude='idl/' --exclude='*.wasm' --delete src/declarations"
    },
    "devDependencies": {
      "@dfinity/agent": "0.10.1",
      "@dfinity/candid": "0.10.1",
      "@dfinity/principal": "^0.10.1",
      "assert": "2.0.0",
      "buffer": "6.0.3",
      "copy-webpack-plugin": "^9.0.1",
      "css-loader": "^6.4.0",
      "events": "3.3.0",
      "file-loader": "^6.2.0",
      "html-webpack-plugin": "5.4.0",
      "process": "0.11.10",
      "stream-browserify": "3.0.0",
      "style-loader": "^3.3.0",
      "terser-webpack-plugin": "5.2.4",
      "ts-loader": "^9.2.6",
      "typescript": "^4.4.4",
      "util": "0.12.4",
      "webpack": "5.59.1",
      "webpack-cli": "4.9.1",
      "webpack-dev-server": "^4.3.1"
    },
    "browserslist": [
      "last 2 chrome version",
      "last 2 firefox version",
      "last 2 safari version",
      "last 2 edge version"
    ],
    "dependencies": {
      "@emotion/react": "^11.5.0",
      "@emotion/styled": "^11.3.0",
      "@fortawesome/fontawesome-free": "^5.15.4",
      "@mui/icons-material": "^5.0.4",
      "@mui/material": "^5.0.4",
      "@mui/styles": "^5.0.1",
      "buffer-crc32": "^0.2.13",
      "crypto-js": "^4.1.1",
      "font-awesome": "^4.7.0",
      "ic-stoic-identity": "^2.0.0",
      "react": "^17.0.2",
      "react-dom": "^17.0.2",
      "react-router-dom": "^5.3.0",
      "react-starfield-animation": "^1.0.1"
    }
  }

yarn manifest: 
  No manifest

Lockfile: 
  No lockfile
